<?xml version="1.0" encoding="UTF-8"?>
<!-- Generated by org.testng.reporters.JUnitReportReporter -->
<testsuite hostname="DESKTOP-C429IHP" failures="0" tests="1" name="Demo.DemoTest" time="2.183" errors="0" timestamp="2024-11-06T13:37:09 IST" skipped="0">
  <testcase classname="Demo.DemoTest" name="verify" time="2.183"/>
  <system-out/>
</testsuite> <!-- Demo.DemoTest -->
